# JRE version: Java(TM) SE Runtime Environment (17.0.12+8) (build 17.0.12+8-LTS-286)
# Java VM: Java HotSpot(TM) 64-Bit Server VM (17.0.12+8-LTS-286, mixed mode, sharing, tiered, compressed oops, compressed class ptrs, g1 gc, windows-amd64)
GC Precious Log:
 CPUs: 4 total, 4 available
 Memory: 3930M
 Large Page Support: Disabled
 NUMA Support: Disabled
 Compressed Oops: Enabled (32-bit)
 Heap Region Size: 1M
 Heap Min Capacity: 8M
 Heap Initial Capacity: 62M
 Heap Max Capacity: 984M
 Pre-touch: Disabled
 Parallel Workers: 4
 Concurrent Workers: 1
 Concurrent Refinement Workers: 4
 Periodic GC: Disabled
Heap:
 garbage-first heap   total 61440K, used 42836K [0x00000000c2800000, 0x0000000100000000)
  region size 1024K, 28 young (28672K), 3 survivors (3072K)
 Metaspace       used 35174K, committed 35584K, reserved 1114112K
  class space    used 4845K, committed 5056K, reserved 1048576K
GC Heap History (18 events):
Event: 0.524 GC heap before
{Heap before GC invocations=0 (full 0):
 garbage-first heap   total 63488K, used 14336K [0x00000000c2800000, 0x0000000100000000)
  region size 1024K, 13 young (13312K), 0 survivors (0K)
 Metaspace       used 2248K, committed 2368K, reserved 1114112K
  class space    used 219K, committed 256K, reserved 1048576K
}
Event: 0.529 GC heap after
{Heap after GC invocations=1 (full 0):
 garbage-first heap   total 63488K, used 8781K [0x00000000c2800000, 0x0000000100000000)
  region size 1024K, 2 young (2048K), 2 survivors (2048K)
 Metaspace       used 2248K, committed 2368K, reserved 1114112K
  class space    used 219K, committed 256K, reserved 1048576K
}
Event: 0.861 GC heap before
{Heap before GC invocations=1 (full 0):
 garbage-first heap   total 63488K, used 16973K [0x00000000c2800000, 0x0000000100000000)
  region size 1024K, 10 young (10240K), 2 survivors (2048K)
 Metaspace       used 4241K, committed 4416K, reserved 1114112K
  class space    used 474K, committed 576K, reserved 1048576K
}
Event: 0.865 GC heap after
{Heap after GC invocations=2 (full 0):
 garbage-first heap   total 63488K, used 9380K [0x00000000c2800000, 0x0000000100000000)
  region size 1024K, 1 young (1024K), 1 survivors (1024K)
 Metaspace       used 4241K, committed 4416K, reserved 1114112K
  class space    used 474K, committed 576K, reserved 1048576K
}
Event: 1.331 GC heap before
{Heap before GC invocations=2 (full 0):
 garbage-first heap   total 63488K, used 27812K [0x00000000c2800000, 0x0000000100000000)
  region size 1024K, 19 young (19456K), 1 survivors (1024K)
 Metaspace       used 8765K, committed 8960K, reserved 1114112K
  class space    used 1110K, committed 1216K, reserved 1048576K
}
Event: 1.335 GC heap after
{Heap after GC invocations=3 (full 0):
 garbage-first heap   total 63488K, used 10703K [0x00000000c2800000, 0x0000000100000000)
  region size 1024K, 2 young (2048K), 2 survivors (2048K)
 Metaspace       used 8765K, committed 8960K, reserved 1114112K
  class space    used 1110K, committed 1216K, reserved 1048576K
}
Event: 2.089 GC heap before
{Heap before GC invocations=3 (full 0):
 garbage-first heap   total 63488K, used 38351K [0x00000000c2800000, 0x0000000100000000)
  region size 1024K, 29 young (29696K), 2 survivors (2048K)
 Metaspace       used 14924K, committed 15232K, reserved 1114112K
  class space    used 2023K, committed 2176K, reserved 1048576K
}
Event: 2.095 GC heap after
{Heap after GC invocations=4 (full 0):
 garbage-first heap   total 63488K, used 12813K [0x00000000c2800000, 0x0000000100000000)
  region size 1024K, 4 young (4096K), 4 survivors (4096K)
 Metaspace       used 14924K, committed 15232K, reserved 1114112K
  class space    used 2023K, committed 2176K, reserved 1048576K
}
Event: 2.386 GC heap before
{Heap before GC invocations=4 (full 0):
 garbage-first heap   total 63488K, used 39437K [0x00000000c2800000, 0x0000000100000000)
  region size 1024K, 31 young (31744K), 4 survivors (4096K)
 Metaspace       used 21003K, committed 21376K, reserved 1114112K
  class space    used 2761K, committed 2944K, reserved 1048576K
}
Event: 2.392 GC heap after
{Heap after GC invocations=5 (full 0):
 garbage-first heap   total 63488K, used 14228K [0x00000000c2800000, 0x0000000100000000)
  region size 1024K, 2 young (2048K), 2 survivors (2048K)
 Metaspace       used 21003K, committed 21376K, reserved 1114112K
  class space    used 2761K, committed 2944K, reserved 1048576K
}
Event: 2.400 GC heap before
{Heap before GC invocations=5 (full 0):
 garbage-first heap   total 63488K, used 15252K [0x00000000c2800000, 0x0000000100000000)
  region size 1024K, 4 young (4096K), 2 survivors (2048K)
 Metaspace       used 21189K, committed 21504K, reserved 1114112K
  class space    used 2780K, committed 2944K, reserved 1048576K
}
Event: 2.402 GC heap after
{Heap after GC invocations=6 (full 0):
 garbage-first heap   total 63488K, used 14121K [0x00000000c2800000, 0x0000000100000000)
  region size 1024K, 2 young (2048K), 2 survivors (2048K)
 Metaspace       used 21189K, committed 21504K, reserved 1114112K
  class space    used 2780K, committed 2944K, reserved 1048576K
}
Event: 3.024 GC heap before
{Heap before GC invocations=7 (full 0):
 garbage-first heap   total 61440K, used 44841K [0x00000000c2800000, 0x0000000100000000)
  region size 1024K, 33 young (33792K), 2 survivors (2048K)
 Metaspace       used 25276K, committed 25728K, reserved 1114112K
  class space    used 3316K, committed 3520K, reserved 1048576K
}
Event: 3.030 GC heap after
{Heap after GC invocations=8 (full 0):
 garbage-first heap   total 61440K, used 16958K [0x00000000c2800000, 0x0000000100000000)
  region size 1024K, 5 young (5120K), 5 survivors (5120K)
 Metaspace       used 25276K, committed 25728K, reserved 1114112K
  class space    used 3316K, committed 3520K, reserved 1048576K
}
Event: 3.052 GC heap before
{Heap before GC invocations=8 (full 0):
 garbage-first heap   total 61440K, used 17982K [0x00000000c2800000, 0x0000000100000000)
  region size 1024K, 6 young (6144K), 5 survivors (5120K)
 Metaspace       used 25416K, committed 25856K, reserved 1114112K
  class space    used 3331K, committed 3520K, reserved 1048576K
}
Event: 3.060 GC heap after
{Heap after GC invocations=9 (full 0):
 garbage-first heap   total 61440K, used 17375K [0x00000000c2800000, 0x0000000100000000)
  region size 1024K, 1 young (1024K), 1 survivors (1024K)
 Metaspace       used 25416K, committed 25856K, reserved 1114112K
  class space    used 3331K, committed 3520K, reserved 1048576K
}
Event: 3.626 GC heap before
{Heap before GC invocations=9 (full 0):
 garbage-first heap   total 61440K, used 42975K [0x00000000c2800000, 0x0000000100000000)
  region size 1024K, 27 young (27648K), 1 survivors (1024K)
 Metaspace       used 29519K, committed 29888K, reserved 1114112K
  class space    used 3930K, committed 4096K, reserved 1048576K
}
Event: 3.632 GC heap after
{Heap after GC invocations=10 (full 0):
 garbage-first heap   total 61440K, used 19284K [0x00000000c2800000, 0x0000000100000000)
  region size 1024K, 3 young (3072K), 3 survivors (3072K)
 Metaspace       used 29519K, committed 29888K, reserved 1114112K
  class space    used 3930K, committed 4096K, reserved 1048576K
}

